2022-05-26 11:25:38.196854 +07 | [ant/default-2022-05-26-11-25-30-561976-+07-00] observation space: Box(111,)
2022-05-26 11:25:38.197117 +07 | [ant/default-2022-05-26-11-25-30-561976-+07-00] action space: Box(8,)
2022-05-26 11:25:38.210590 +07 | [ant/default-2022-05-26-11-25-30-561976-+07-00] observation space: Box(111,)
2022-05-26 11:25:38.210758 +07 | [ant/default-2022-05-26-11-25-30-561976-+07-00] action space: Box(8,)
2022-05-26 11:25:38.228037 +07 | [ant/default-2022-05-26-11-25-30-561976-+07-00] observation space: Box(111,)
2022-05-26 11:25:38.228194 +07 | [ant/default-2022-05-26-11-25-30-561976-+07-00] action space: Box(8,)
2022-05-26 11:25:38.240356 +07 | [ant/default-2022-05-26-11-25-30-561976-+07-00] observation space: Box(111,)
2022-05-26 11:25:38.240509 +07 | [ant/default-2022-05-26-11-25-30-561976-+07-00] action space: Box(8,)
2022-05-26 11:27:24.770695 +07 | [ant/default-2022-05-26-11-27-19-405479-+07-00] observation space: Box(111,)
2022-05-26 11:27:24.770890 +07 | [ant/default-2022-05-26-11-27-19-405479-+07-00] action space: Box(8,)
2022-05-26 11:27:24.781098 +07 | [ant/default-2022-05-26-11-27-19-405479-+07-00] observation space: Box(111,)
2022-05-26 11:27:24.781212 +07 | [ant/default-2022-05-26-11-27-19-405479-+07-00] action space: Box(8,)
2022-05-26 11:27:24.790519 +07 | [ant/default-2022-05-26-11-27-19-405479-+07-00] observation space: Box(111,)
2022-05-26 11:27:24.790625 +07 | [ant/default-2022-05-26-11-27-19-405479-+07-00] action space: Box(8,)
2022-05-26 11:27:24.799837 +07 | [ant/default-2022-05-26-11-27-19-405479-+07-00] observation space: Box(111,)
2022-05-26 11:27:24.799947 +07 | [ant/default-2022-05-26-11-27-19-405479-+07-00] action space: Box(8,)
2022-05-26 11:28:23.320990 +07 | [ant/default-2022-05-26-11-28-15-637564-+07-00] observation space: Box(111,)
2022-05-26 11:28:23.321214 +07 | [ant/default-2022-05-26-11-28-15-637564-+07-00] action space: Box(8,)
2022-05-26 11:28:23.335256 +07 | [ant/default-2022-05-26-11-28-15-637564-+07-00] observation space: Box(111,)
2022-05-26 11:28:23.335517 +07 | [ant/default-2022-05-26-11-28-15-637564-+07-00] action space: Box(8,)
2022-05-26 11:28:23.348226 +07 | [ant/default-2022-05-26-11-28-15-637564-+07-00] observation space: Box(111,)
2022-05-26 11:28:23.348389 +07 | [ant/default-2022-05-26-11-28-15-637564-+07-00] action space: Box(8,)
2022-05-26 11:28:23.360711 +07 | [ant/default-2022-05-26-11-28-15-637564-+07-00] observation space: Box(111,)
2022-05-26 11:28:23.360866 +07 | [ant/default-2022-05-26-11-28-15-637564-+07-00] action space: Box(8,)
2022-05-26 11:30:02.054603 +07 | [ant/default-2022-05-26-11-29-54-672032-+07-00] observation space: Box(111,)
2022-05-26 11:30:02.054812 +07 | [ant/default-2022-05-26-11-29-54-672032-+07-00] action space: Box(8,)
2022-05-26 11:30:02.069116 +07 | [ant/default-2022-05-26-11-29-54-672032-+07-00] observation space: Box(111,)
2022-05-26 11:30:02.069278 +07 | [ant/default-2022-05-26-11-29-54-672032-+07-00] action space: Box(8,)
2022-05-26 11:30:02.081842 +07 | [ant/default-2022-05-26-11-29-54-672032-+07-00] observation space: Box(111,)
2022-05-26 11:30:02.081994 +07 | [ant/default-2022-05-26-11-29-54-672032-+07-00] action space: Box(8,)
2022-05-26 11:30:02.094416 +07 | [ant/default-2022-05-26-11-29-54-672032-+07-00] observation space: Box(111,)
2022-05-26 11:30:02.094564 +07 | [ant/default-2022-05-26-11-29-54-672032-+07-00] action space: Box(8,)
2022-05-26 11:31:51.570326 +07 | [ant/default-2022-05-26-11-31-45-084330-+07-00] observation space: Box(111,)
2022-05-26 11:31:51.570520 +07 | [ant/default-2022-05-26-11-31-45-084330-+07-00] action space: Box(8,)
2022-05-26 11:31:51.582491 +07 | [ant/default-2022-05-26-11-31-45-084330-+07-00] observation space: Box(111,)
2022-05-26 11:31:51.582612 +07 | [ant/default-2022-05-26-11-31-45-084330-+07-00] action space: Box(8,)
2022-05-26 11:31:51.593475 +07 | [ant/default-2022-05-26-11-31-45-084330-+07-00] observation space: Box(111,)
2022-05-26 11:31:51.593590 +07 | [ant/default-2022-05-26-11-31-45-084330-+07-00] action space: Box(8,)
2022-05-26 11:31:51.604397 +07 | [ant/default-2022-05-26-11-31-45-084330-+07-00] observation space: Box(111,)
2022-05-26 11:31:51.604540 +07 | [ant/default-2022-05-26-11-31-45-084330-+07-00] action space: Box(8,)
2022-05-26 11:33:27.723430 +07 | [ant/default-2022-05-26-11-33-20-187257-+07-00] observation space: Box(111,)
2022-05-26 11:33:27.723661 +07 | [ant/default-2022-05-26-11-33-20-187257-+07-00] action space: Box(8,)
2022-05-26 11:33:27.737907 +07 | [ant/default-2022-05-26-11-33-20-187257-+07-00] observation space: Box(111,)
2022-05-26 11:33:27.738191 +07 | [ant/default-2022-05-26-11-33-20-187257-+07-00] action space: Box(8,)
2022-05-26 11:33:27.750856 +07 | [ant/default-2022-05-26-11-33-20-187257-+07-00] observation space: Box(111,)
2022-05-26 11:33:27.751033 +07 | [ant/default-2022-05-26-11-33-20-187257-+07-00] action space: Box(8,)
2022-05-26 11:33:27.763806 +07 | [ant/default-2022-05-26-11-33-20-187257-+07-00] observation space: Box(111,)
2022-05-26 11:33:27.763982 +07 | [ant/default-2022-05-26-11-33-20-187257-+07-00] action space: Box(8,)
2022-05-26 11:34:06.266766 +07 | [ant/default-2022-05-26-11-33-58-866326-+07-00] observation space: Box(111,)
2022-05-26 11:34:06.267057 +07 | [ant/default-2022-05-26-11-33-58-866326-+07-00] action space: Box(8,)
2022-05-26 11:34:06.281626 +07 | [ant/default-2022-05-26-11-33-58-866326-+07-00] observation space: Box(111,)
2022-05-26 11:34:06.281911 +07 | [ant/default-2022-05-26-11-33-58-866326-+07-00] action space: Box(8,)
2022-05-26 11:34:06.294764 +07 | [ant/default-2022-05-26-11-33-58-866326-+07-00] observation space: Box(111,)
2022-05-26 11:34:06.294977 +07 | [ant/default-2022-05-26-11-33-58-866326-+07-00] action space: Box(8,)
2022-05-26 11:34:06.307761 +07 | [ant/default-2022-05-26-11-33-58-866326-+07-00] observation space: Box(111,)
2022-05-26 11:34:06.307959 +07 | [ant/default-2022-05-26-11-33-58-866326-+07-00] action space: Box(8,)
2022-05-26 11:35:22.565897 +07 | [ant/default-2022-05-26-11-35-14-959899-+07-00] observation space: Box(111,)
2022-05-26 11:35:22.566134 +07 | [ant/default-2022-05-26-11-35-14-959899-+07-00] action space: Box(8,)
2022-05-26 11:35:22.580082 +07 | [ant/default-2022-05-26-11-35-14-959899-+07-00] observation space: Box(111,)
2022-05-26 11:35:22.580282 +07 | [ant/default-2022-05-26-11-35-14-959899-+07-00] action space: Box(8,)
2022-05-26 11:35:22.592765 +07 | [ant/default-2022-05-26-11-35-14-959899-+07-00] observation space: Box(111,)
2022-05-26 11:35:22.592948 +07 | [ant/default-2022-05-26-11-35-14-959899-+07-00] action space: Box(8,)
2022-05-26 11:35:22.605204 +07 | [ant/default-2022-05-26-11-35-14-959899-+07-00] observation space: Box(111,)
2022-05-26 11:35:22.605391 +07 | [ant/default-2022-05-26-11-35-14-959899-+07-00] action space: Box(8,)
2022-05-26 11:36:18.748671 +07 | [ant/default-2022-05-26-11-36-13-210869-+07-00] observation space: Box(111,)
2022-05-26 11:36:18.748848 +07 | [ant/default-2022-05-26-11-36-13-210869-+07-00] action space: Box(8,)
2022-05-26 11:36:18.758190 +07 | [ant/default-2022-05-26-11-36-13-210869-+07-00] observation space: Box(111,)
2022-05-26 11:36:18.758293 +07 | [ant/default-2022-05-26-11-36-13-210869-+07-00] action space: Box(8,)
2022-05-26 11:36:18.767096 +07 | [ant/default-2022-05-26-11-36-13-210869-+07-00] observation space: Box(111,)
2022-05-26 11:36:18.767214 +07 | [ant/default-2022-05-26-11-36-13-210869-+07-00] action space: Box(8,)
2022-05-26 11:36:18.776102 +07 | [ant/default-2022-05-26-11-36-13-210869-+07-00] observation space: Box(111,)
2022-05-26 11:36:18.776198 +07 | [ant/default-2022-05-26-11-36-13-210869-+07-00] action space: Box(8,)
2022-05-26 11:37:29.188462 +07 | [ant/default-2022-05-26-11-37-21-697751-+07-00] observation space: Box(111,)
2022-05-26 11:37:29.188663 +07 | [ant/default-2022-05-26-11-37-21-697751-+07-00] action space: Box(8,)
2022-05-26 11:37:29.201575 +07 | [ant/default-2022-05-26-11-37-21-697751-+07-00] observation space: Box(111,)
2022-05-26 11:37:29.201824 +07 | [ant/default-2022-05-26-11-37-21-697751-+07-00] action space: Box(8,)
2022-05-26 11:37:29.214539 +07 | [ant/default-2022-05-26-11-37-21-697751-+07-00] observation space: Box(111,)
2022-05-26 11:37:29.214720 +07 | [ant/default-2022-05-26-11-37-21-697751-+07-00] action space: Box(8,)
2022-05-26 11:37:29.227375 +07 | [ant/default-2022-05-26-11-37-21-697751-+07-00] observation space: Box(111,)
2022-05-26 11:37:29.227538 +07 | [ant/default-2022-05-26-11-37-21-697751-+07-00] action space: Box(8,)
2022-05-26 11:37:38.121815 +07 | [ant/default-2022-05-26-11-37-21-697751-+07-00] observation space: Box(111,)
2022-05-26 11:37:38.122067 +07 | [ant/default-2022-05-26-11-37-21-697751-+07-00] action space: Box(8,)
2022-05-26 11:37:38.138519 +07 | [ant/default-2022-05-26-11-37-21-697751-+07-00] observation space: Box(111,)
2022-05-26 11:37:38.138674 +07 | [ant/default-2022-05-26-11-37-21-697751-+07-00] action space: Box(8,)
2022-05-26 11:37:38.149915 +07 | [ant/default-2022-05-26-11-37-21-697751-+07-00] observation space: Box(111,)
2022-05-26 11:37:38.150078 +07 | [ant/default-2022-05-26-11-37-21-697751-+07-00] action space: Box(8,)
2022-05-26 11:37:38.163089 +07 | [ant/default-2022-05-26-11-37-21-697751-+07-00] observation space: Box(111,)
2022-05-26 11:37:38.163245 +07 | [ant/default-2022-05-26-11-37-21-697751-+07-00] action space: Box(8,)
2022-05-26 11:38:55.436826 +07 | --------------------  ---------
2022-05-26 11:38:55.437098 +07 | beta_t                   1
2022-05-26 11:38:55.437185 +07 | beta                     1
2022-05-26 11:38:55.437264 +07 | best_actor_num           0
2022-05-26 11:38:55.437339 +07 | mean-okl/0             nan
2022-05-26 11:38:55.437414 +07 | mean-bkl/0             nan
2022-05-26 11:38:55.437487 +07 | mean-okl/1             nan
2022-05-26 11:38:55.437561 +07 | mean-bkl/1             nan
2022-05-26 11:38:55.437635 +07 | mean-okl/2             nan
2022-05-26 11:38:55.437707 +07 | mean-bkl/2             nan
2022-05-26 11:38:55.437780 +07 | mean-okl/3             nan
2022-05-26 11:38:55.437853 +07 | mean-bkl/3             nan
2022-05-26 11:38:55.437925 +07 | return-average/0       934.485
2022-05-26 11:38:55.437997 +07 | episode-length-avg/0  1000
2022-05-26 11:38:55.438099 +07 | return-average/1       822.716
2022-05-26 11:38:55.438174 +07 | episode-length-avg/1  1000
2022-05-26 11:38:55.438247 +07 | return-average/2       912.61
2022-05-26 11:38:55.438319 +07 | episode-length-avg/2  1000
2022-05-26 11:38:55.438401 +07 | return-average/3       916.335
2022-05-26 11:38:55.438512 +07 | episode-length-avg/3  1000
2022-05-26 11:38:55.438604 +07 | return-average         896.537
2022-05-26 11:38:55.438685 +07 | time-eval                0
2022-05-26 11:38:55.438773 +07 | time-total              77.137
2022-05-26 11:38:55.438898 +07 | epoch                    0
2022-05-26 11:38:55.439028 +07 | avg-path-return/0      -19.9976
2022-05-26 11:38:55.439145 +07 | total-samples/0       1000
2022-05-26 11:38:55.439228 +07 | avg-path-return/1      -14.5592
2022-05-26 11:38:55.439306 +07 | total-samples/1       1000
2022-05-26 11:38:55.439406 +07 | avg-path-return/2      -28.195
2022-05-26 11:38:55.439508 +07 | total-samples/2       1000
2022-05-26 11:38:55.439582 +07 | avg-path-return/3      -15.8968
2022-05-26 11:38:55.439673 +07 | total-samples/3       1000
2022-05-26 11:38:55.439809 +07 | --------------------  ---------
2022-05-26 11:40:11.214576 +07 | --------------------  ---------
2022-05-26 11:40:11.214866 +07 | beta_t                   1
2022-05-26 11:40:11.220083 +07 | beta                     1
2022-05-26 11:40:11.220189 +07 | best_actor_num           0
2022-05-26 11:40:11.220270 +07 | mean-okl/0             nan
2022-05-26 11:40:11.220345 +07 | mean-bkl/0             nan
2022-05-26 11:40:11.220419 +07 | mean-okl/1             nan
2022-05-26 11:40:11.220492 +07 | mean-bkl/1             nan
2022-05-26 11:40:11.220566 +07 | mean-okl/2             nan
2022-05-26 11:40:11.220638 +07 | mean-bkl/2             nan
2022-05-26 11:40:11.220710 +07 | mean-okl/3             nan
2022-05-26 11:40:11.220783 +07 | mean-bkl/3             nan
2022-05-26 11:40:11.220856 +07 | return-average/0       936.243
2022-05-26 11:40:11.220933 +07 | episode-length-avg/0  1000
2022-05-26 11:40:11.221005 +07 | return-average/1       821.811
2022-05-26 11:40:11.221128 +07 | episode-length-avg/1  1000
2022-05-26 11:40:11.221210 +07 | return-average/2       918.251
2022-05-26 11:40:11.221284 +07 | episode-length-avg/2  1000
2022-05-26 11:40:11.221358 +07 | return-average/3       914.587
2022-05-26 11:40:11.221432 +07 | episode-length-avg/3  1000
2022-05-26 11:40:11.221506 +07 | return-average         897.723
2022-05-26 11:40:11.221580 +07 | time-eval                0
2022-05-26 11:40:11.221653 +07 | time-total             152.914
2022-05-26 11:40:11.221726 +07 | epoch                    4
2022-05-26 11:40:11.221801 +07 | avg-path-return/0      -13.5721
2022-05-26 11:40:11.221875 +07 | total-samples/0       2000
2022-05-26 11:40:11.221949 +07 | avg-path-return/1      -40.5947
2022-05-26 11:40:11.222023 +07 | total-samples/1       2000
2022-05-26 11:40:11.222096 +07 | avg-path-return/2      -26.1998
2022-05-26 11:40:11.222169 +07 | total-samples/2       2000
2022-05-26 11:40:11.222243 +07 | avg-path-return/3      -49.7112
2022-05-26 11:40:11.222316 +07 | total-samples/3       2000
2022-05-26 11:40:11.222390 +07 | --------------------  ---------
2022-05-26 11:44:57.733478 +07 | --------------------  ------------
2022-05-26 11:44:57.733739 +07 | beta_t                   0.5
2022-05-26 11:44:57.733824 +07 | beta                     0.5
2022-05-26 11:44:57.733901 +07 | best_actor_num           1
2022-05-26 11:44:57.733977 +07 | mean-okl/0               0.0463247
2022-05-26 11:44:57.734051 +07 | mean-bkl/0               0.0678832
2022-05-26 11:44:57.734123 +07 | mean-okl/1               0.0591381
2022-05-26 11:44:57.734195 +07 | mean-bkl/1               0.0591381
2022-05-26 11:44:57.734266 +07 | mean-okl/2               0.0466641
2022-05-26 11:44:57.734337 +07 | mean-bkl/2               0.0693301
2022-05-26 11:44:57.734408 +07 | mean-okl/3               0.0517737
2022-05-26 11:44:57.734479 +07 | mean-bkl/3               0.0762529
2022-05-26 11:44:57.734550 +07 | return-average/0       623.224
2022-05-26 11:44:57.734627 +07 | episode-length-avg/0  1000
2022-05-26 11:44:57.734698 +07 | return-average/1       653.437
2022-05-26 11:44:57.734769 +07 | episode-length-avg/1   901.6
2022-05-26 11:44:57.734841 +07 | return-average/2       547.388
2022-05-26 11:44:57.734911 +07 | episode-length-avg/2  1000
2022-05-26 11:44:57.734982 +07 | return-average/3       701.412
2022-05-26 11:44:57.735053 +07 | episode-length-avg/3  1000
2022-05-26 11:44:57.735125 +07 | return-average         631.365
2022-05-26 11:44:57.735195 +07 | time-eval               75.7823
2022-05-26 11:44:57.735266 +07 | time-total             439.413
2022-05-26 11:44:57.735337 +07 | epoch                    8
2022-05-26 11:44:57.735408 +07 | avg-path-return/0      -64.0838
2022-05-26 11:44:57.735478 +07 | total-samples/0       3000
2022-05-26 11:44:57.735549 +07 | avg-path-return/1      -41.0624
2022-05-26 11:44:57.735620 +07 | total-samples/1       3000
2022-05-26 11:44:57.735691 +07 | avg-path-return/2      -28.797
2022-05-26 11:44:57.735763 +07 | total-samples/2       3000
2022-05-26 11:44:57.735834 +07 | avg-path-return/3      -25.6315
2022-05-26 11:44:57.735906 +07 | total-samples/3       3000
2022-05-26 11:44:57.735976 +07 | --------------------  ------------
